{"logTime": "0721/032348", "correlationVector":"C3tvZJtG614jaJoLhk5tf5.1","action":"SyncServerConnectionManagerRequest", "result":"SYNC_SERVER_OK", "context":{"environment":"Prod_westus_prod-s01-081-nam-westus", "migrationStage":"NotStarted", "server":"akswtt00900004s"}}
{"logTime": "0721/032348", "correlationVector":"C3tvZJtG614jaJoLhk5tf5.2","action":"ProcessGetUpdates", "result":"Done", "context":{"dataType":"Encryption Keys", "deleted":"0", "process_failed_to_decrypt":"0", "process_pending_decryption":"0", "process_success":"1", "total":"1"}}
{"logTime": "0721/032348", "correlationVector":"iB5n2oWdGwIaV6kr5dzEBB","action":"SyncServerConnectionManagerRequest", "result":"SYNC_SERVER_OK", "context":{"environment":"", "migrationStage":"", "server":""}}
{"logTime": "0721/032348", "correlationVector":"iB5n2oWdGwIaV6kr5dzEBB.0","action":"EncryptionKeysFetcher.DownloadKeys:", "result":"Success", "context":Key count: 10, Last key timestamp: 2025-02-26T00:00:43Z}
{"logTime": "0721/032349", "correlationVector":"iB5n2oWdGwIaV6kr5dzEBB.1","action":"EncryptionKeysManager::SetEncryptionKeys:", "result":"Success", "context":Key names[10]:[YFNmVabuT7/bYTrL7cd8pZoJBf4jBP1xL7DE8hVNNqGh/qXO3vnGJtvYqKeyFiVU5h8OEwjFcseGy7iEbGdHMQ==][/8Y/85UT3y2k3V5qeKe1mFsN+TxUbLjlx8I2VX5cxnv/4fEjUCbiihOkdD/F3eEBXbwLOjp4HNJf2s6zS7+vRA==][JyFRRcV5HbZFx75AitO1lQLJZNj7bBxh6JEK4u2IwdwqoGnbv7o2e4sdTq1RsjD58xELVe2OZ9Sy9MYIJ44lCw==][JLcTUrUWotCS5ekxilv8V4axTLSQgnhSoyitgKHFOfvREBLIXECf3O2tLCWqHnBa/+SWjON6pMqOGzSqFYOPIg==][wuTVkYMc9SdTjeISzKu3Qxvw5Wqb5ZbtP4cG96UVWItDmxVdtM+4aJF3vUwv+GEhvwJ7Ud9WFjOOVr0O2oSpWQ==][uGDSY7jUx4vkPwqoR1OXDMF/kduhfH6zlhEGhx5U+523X9SyzRcGSQgKaujvQ9N92uWGjqH+0agnTZpWKNNjew==][dVh0LMPom2CdLnG6ElL5UnASgmGQ5f1107zC8QLLoH7bJR1zrSgokx87yYxx+CXe5nDI5uKHzQv75SDClZtGvA==][qCXNuLelROgXVYJEzH4JapM2aqPCCwU+B5z4wdtSzBgCoDiP97i6q0SHuSdSwIqFp+N99Uk5bsWHBlSXS9kDUg==][1g1cdjvROBQFMGb8XD65M7T0MxB5v78KIzgsM7+6cRLZmtiDC9ajb6pfKqeLs9vdXq1Vs0H4Vle8ycqbcX0iaA==][oFA2l8U0Rz2vaccDZHMCeon1mue2hj2CTZt4j/2+p8f3ufDqia53xZzvsk9IH4Sicb1QBFB+368XH6Qn7D8vAQ==]}
{"logTime": "0721/032349", "correlationVector":"iB5n2oWdGwIaV6kr5dzEBB.2","action":"EncryptionKeysManager::SetEncryptionKeysWithTimestamps:", "result":"Success", "context":Key timestamps[10]:[2020-12-08T07:57:54Z][2021-06-07T22:14:59Z][2021-07-30T01:58:32Z][2022-01-27T04:00:21Z][2022-07-26T18:51:17Z][2023-01-24T16:47:18Z][2023-08-23T04:50:14Z][2024-02-20T16:36:22Z][2024-08-21T03:10:38Z][2025-02-26T00:00:43Z]}
{"logTime": "0721/032349", "correlationVector":"C3tvZJtG614jaJoLhk5tf5","action":"Initial GetUpdates", "result":"", "context":Reason: NEW_CLIENT. cV=C3tvZJtG614jaJoLhk5tf5}
{"logTime": "0721/032349", "correlationVector":"C3tvZJtG614jaJoLhk5tf5.3","action":"GetUpdates Response", "result":"Success", "context":Received 1 update(s). cV=C3tvZJtG614jaJoLhk5tf5.0;server=akswtt00900004s;cloudType=Consumer;environment=Prod_westus_prod-s01-081-nam-westus;migrationStage=NotStarted}
{"logTime": "0721/032349", "correlationVector":"09MUp5aNY0147tydvKr8F3","action":"Initial GetUpdates", "result":"", "context":Reason: NEWLY_SUPPORTED_DATATYPE. cV=09MUp5aNY0147tydvKr8F3}
{"logTime": "0721/032349", "correlationVector":"09MUp5aNY0147tydvKr8F3.1","action":"SyncServerConnectionManagerRequest", "result":"SYNC_SERVER_OK", "context":{"environment":"Prod_westus_prod-s01-081-nam-westus", "migrationStage":"NotStarted", "server":"akswtt00900005c"}}
{"logTime": "0721/032349", "correlationVector":"09MUp5aNY0147tydvKr8F3.2","action":"ProcessGetUpdates", "result":"Done", "context":{"dataType":"Preferences", "deleted":"0", "process_failed_to_decrypt":"0", "process_pending_decryption":"0", "process_success":"72", "total":"72"}}
{"logTime": "0721/032349", "correlationVector":"09MUp5aNY0147tydvKr8F3.3","action":"ProcessGetUpdates", "result":"Done", "context":{"dataType":"Passwords", "deleted":"0", "process_failed_to_decrypt":"0", "process_pending_decryption":"0", "process_success":"4", "total":"4"}}
{"logTime": "0721/032349", "correlationVector":"09MUp5aNY0147tydvKr8F3.4","action":"ProcessGetUpdates", "result":"Done", "context":{"dataType":"Device Info", "deleted":"0", "process_failed_to_decrypt":"0", "process_pending_decryption":"0", "process_success":"11", "total":"11"}}
{"logTime": "0721/032349", "correlationVector":"09MUp5aNY0147tydvKr8F3.5","action":"GetUpdates Response", "result":"Success", "context":Received 87 update(s). cV=09MUp5aNY0147tydvKr8F3.0;server=akswtt00900005c;cloudType=Consumer;environment=Prod_westus_prod-s01-081-nam-westus;migrationStage=NotStarted}
{"logTime": "0721/032349", "correlationVector":"qAIXHgK8wl910zCX4WvWHg","action":"Initial GetUpdates", "result":"", "context":Reason: NEWLY_SUPPORTED_DATATYPE. cV=qAIXHgK8wl910zCX4WvWHg}
{"logTime": "0721/032349", "correlationVector":"qAIXHgK8wl910zCX4WvWHg.1","action":"SyncServerConnectionManagerRequest", "result":"SYNC_SERVER_OK", "context":{"environment":"Prod_westus_prod-s01-081-nam-westus", "migrationStage":"NotStarted", "server":"akswtt009000031"}}
{"logTime": "0721/032349", "correlationVector":"qAIXHgK8wl910zCX4WvWHg.2","action":"ProcessGetUpdates", "result":"Done", "context":{"dataType":"Bookmarks", "deleted":"0", "process_failed_to_decrypt":"0", "process_pending_decryption":"0", "process_success":"12", "total":"12"}}
{"logTime": "0721/032349", "correlationVector":"qAIXHgK8wl910zCX4WvWHg.3","action":"GetUpdates Response", "result":"Success", "context":Received 12 update(s). cV=qAIXHgK8wl910zCX4WvWHg.0;server=akswtt009000031;cloudType=Consumer;environment=Prod_westus_prod-s01-081-nam-westus;migrationStage=NotStarted}
{"logTime": "0721/032349", "correlationVector":"GF9kuklKdcflEZgr+j37tH","action":"Initial GetUpdates", "result":"", "context":Reason: NEWLY_SUPPORTED_DATATYPE. cV=GF9kuklKdcflEZgr+j37tH}
{"logTime": "0721/032349", "correlationVector":"GF9kuklKdcflEZgr+j37tH.1","action":"SyncServerConnectionManagerRequest", "result":"SYNC_SERVER_OK", "context":{"environment":"Prod_westus_prod-s01-081-nam-westus", "migrationStage":"NotStarted", "server":"akswtt00900001a"}}
{"logTime": "0721/032349", "correlationVector":"GF9kuklKdcflEZgr+j37tH.2","action":"ProcessGetUpdates", "result":"Done", "context":{"dataType":"Autofill Profiles", "deleted":"0", "process_failed_to_decrypt":"0", "process_pending_decryption":"0", "process_success":"2", "total":"2"}}
{"logTime": "0721/032349", "correlationVector":"GF9kuklKdcflEZgr+j37tH.3","action":"ProcessGetUpdates", "result":"Done", "context":{"dataType":"Autofill", "deleted":"0", "process_failed_to_decrypt":"0", "process_pending_decryption":"0", "process_success":"45", "total":"45"}}
{"logTime": "0721/032349", "correlationVector":"GF9kuklKdcflEZgr+j37tH.4","action":"ProcessGetUpdates", "result":"Done", "context":{"dataType":"Extensions", "deleted":"0", "process_failed_to_decrypt":"0", "process_pending_decryption":"0", "process_success":"1", "total":"1"}}
{"logTime": "0721/032349", "correlationVector":"GF9kuklKdcflEZgr+j37tH.5","action":"ProcessGetUpdates", "result":"Done", "context":{"dataType":"Sessions", "deleted":"22", "process_failed_to_decrypt":"0", "process_pending_decryption":"0", "process_success":"28", "total":"28"}}
{"logTime": "0721/032349", "correlationVector":"GF9kuklKdcflEZgr+j37tH.6","action":"ProcessGetUpdates", "result":"Done", "context":{"dataType":"Edge Hub App Usage", "deleted":"0", "process_failed_to_decrypt":"0", "process_pending_decryption":"0", "process_success":"4", "total":"4"}}
{"logTime": "0721/032349", "correlationVector":"GF9kuklKdcflEZgr+j37tH.7","action":"GetUpdates Response", "result":"Success", "context":Received 80 update(s). cV=GF9kuklKdcflEZgr+j37tH.0;server=akswtt00900001a;cloudType=Consumer;environment=Prod_westus_prod-s01-081-nam-westus;migrationStage=NotStarted}
{"logTime": "0721/032349", "correlationVector":"T3NValvsw2j6d+8gpULGbI","action":"Initial GetUpdates", "result":"", "context":Reason: NEWLY_SUPPORTED_DATATYPE. cV=T3NValvsw2j6d+8gpULGbI}
{"logTime": "0721/032349", "correlationVector":"T3NValvsw2j6d+8gpULGbI.1","action":"SyncServerConnectionManagerRequest", "result":"SYNC_SERVER_OK", "context":{"environment":"Prod_westus_prod-s01-081-nam-westus", "migrationStage":"NotStarted", "server":"akswtt00900001s"}}
{"logTime": "0721/032349", "correlationVector":"T3NValvsw2j6d+8gpULGbI.2","action":"ProcessGetUpdates", "result":"Done", "context":{"dataType":"History", "deleted":"0", "process_failed_to_decrypt":"0", "process_pending_decryption":"0", "process_success":"11", "total":"11"}}
{"logTime": "0721/032349", "correlationVector":"T3NValvsw2j6d+8gpULGbI.3","action":"GetUpdates Response", "result":"Success", "context":Received 11 update(s). cV=T3NValvsw2j6d+8gpULGbI.0;server=akswtt00900001s;cloudType=Consumer;environment=Prod_westus_prod-s01-081-nam-westus;migrationStage=NotStarted}
{"logTime": "0721/032349", "correlationVector":"IisT+ZX/g0Z6htqknp5NNj","action":"Normal GetUpdate request", "result":"", "context":cV=IisT+ZX/g0Z6htqknp5NNj
Nudged types: Sessions, Device Info, User Consents
Refresh requested types: Bookmarks, Preferences, Passwords, Autofill Profiles, Autofill, Extensions, Sessions, Extension settings, History Delete Directives, Device Info, User Consents, Send Tab To Self, Web Apps, History, Saved Tab Group, WebAuthn Credentials, Collection, Edge E Drop, Edge Hub App Usage, Edge Wallet, Encryption Keys}
{"logTime": "0721/032349", "correlationVector":"IisT+ZX/g0Z6htqknp5NNj.1","action":"SyncServerConnectionManagerRequest", "result":"SYNC_SERVER_OK", "context":{"environment":"Prod_westus_prod-s01-081-nam-westus", "migrationStage":"NotStarted", "server":"akswtt00900003o"}}
{"logTime": "0721/032349", "correlationVector":"IisT+ZX/g0Z6htqknp5NNj.2","action":"GetUpdates Response", "result":"Success", "context":Received 0 update(s). cV=IisT+ZX/g0Z6htqknp5NNj.0;server=akswtt00900003o;cloudType=Consumer;environment=Prod_westus_prod-s01-081-nam-westus;migrationStage=NotStarted}
{"logTime": "0721/032349", "correlationVector":"I89L7nRNAmHrYHUMW9qVjL","action":"DoCompareDataConsistency requsted types: ", "result":"Bookmarks, Preferences, Passwords, Extensions, Extension settings, History Delete Directives, Send Tab To Self, Web Apps, History, Saved Tab Group, WebAuthn Credentials, Collection, Edge E Drop, Edge Wallet, Encryption Keys"}
{"logTime": "0721/032349", "correlationVector":"I89L7nRNAmHrYHUMW9qVjL.0","action":"CompareDataConsistency result: ", "result":"Compare result: Encryption Keys is consistent. local entities count is: 1 local entities hash is: xnhqiIwOiUctxWHUDDv7Oi4Lm/w="}
{"logTime": "0721/032349", "correlationVector":"I89L7nRNAmHrYHUMW9qVjL.1","action":"CompareDataConsistency result: ", "result":"Compare result: Bookmarks is consistent. local entities count is: 7 local entities hash is: xV3NXSCBUjvcM0Ud6Py+QlmL+KE="}
{"logTime": "0721/032349", "correlationVector":"I89L7nRNAmHrYHUMW9qVjL.2","action":"CompareDataConsistency result: ", "result":"Compare result: Preferences is consistent. local entities count is: 72 local entities hash is: 1h4wrsOpGfpdzEAgyOtaOYFcLBU="}
{"logTime": "0721/032349", "correlationVector":"I89L7nRNAmHrYHUMW9qVjL.3","action":"CompareDataConsistency result: ", "result":"Compare result: Extensions is consistent. local entities count is: 1 local entities hash is: F2yBZhWPytDQHL7L7I1CCA8+TJE="}
{"logTime": "0721/032349", "correlationVector":"I89L7nRNAmHrYHUMW9qVjL.4","action":"CompareDataConsistency result: ", "result":"Compare result: Extension settings is consistent. local entities count is: 0 local entities hash is: "}
{"logTime": "0721/032349", "correlationVector":"I89L7nRNAmHrYHUMW9qVjL.5","action":"CompareDataConsistency result: ", "result":"Compare result: History Delete Directives is consistent. local entities count is: 0 local entities hash is: "}
{"logTime": "0721/032349", "correlationVector":"I89L7nRNAmHrYHUMW9qVjL.6","action":"CompareDataConsistency result: ", "result":"Server did not send this Send Tab To Self local entities count is: 0 local entities hash is: "}
{"logTime": "0721/032349", "correlationVector":"I89L7nRNAmHrYHUMW9qVjL.7","action":"CompareDataConsistency result: ", "result":"Compare result: Web Apps is consistent. local entities count is: 0 local entities hash is: "}
{"logTime": "0721/032349", "correlationVector":"I89L7nRNAmHrYHUMW9qVjL.8","action":"CompareDataConsistency result: ", "result":"Server did not send this History local entities count is: 0 local entities hash is: "}
{"logTime": "0721/032349", "correlationVector":"I89L7nRNAmHrYHUMW9qVjL.9","action":"CompareDataConsistency result: ", "result":"Compare result: Saved Tab Group is consistent. local entities count is: 0 local entities hash is: "}
{"logTime": "0721/032349", "correlationVector":"I89L7nRNAmHrYHUMW9qVjL.10","action":"CompareDataConsistency result: ", "result":"Server did not send this WebAuthn Credentials local entities count is: 0 local entities hash is: "}
{"logTime": "0721/032349", "correlationVector":"I89L7nRNAmHrYHUMW9qVjL.11","action":"CompareDataConsistency result: ", "result":"Compare result: Collection is consistent. local entities count is: 0 local entities hash is: "}
{"logTime": "0721/032349", "correlationVector":"I89L7nRNAmHrYHUMW9qVjL.12","action":"CompareDataConsistency result: ", "result":"Compare result: Edge E Drop is consistent. local entities count is: 0 local entities hash is: "}
{"logTime": "0721/032349", "correlationVector":"I89L7nRNAmHrYHUMW9qVjL.13","action":"CompareDataConsistency result: ", "result":"Compare result: Edge Wallet is consistent. local entities count is: 0 local entities hash is: "}
{"logTime": "0721/032349", "correlationVector":"I89L7nRNAmHrYHUMW9qVjL.14","action":"CompareDataConsistency result: ", "result":"Compare result: Passwords is consistent. local entities count is: 4 local entities hash is: lbPTkYa2hIPHrwGJmYG2yB+Eq6E="}
{"logTime": "0721/032349", "correlationVector":"HIbzJpXgXqWM+7ju5DCofV","action":"Commit Request", "result":"", "context":Item count: 5
Contributing types: Sessions, Device Info, User Consents}
{"logTime": "0721/032350", "correlationVector":"HIbzJpXgXqWM+7ju5DCofV.1","action":"SyncServerConnectionManagerRequest", "result":"SYNC_SERVER_OK", "context":{"environment":"Prod_westus_prod-s01-081-nam-westus", "migrationStage":"NotStarted", "server":"akswtt00900001s"}}
{"logTime": "0721/032350", "correlationVector":"HIbzJpXgXqWM+7ju5DCofV.2","action":"Commit Response", "result":"Success", "context":Result: Success. cV=HIbzJpXgXqWM+7ju5DCofV.0;server=akswtt00900001s;cloudType=Consumer;environment=Prod_westus_prod-s01-081-nam-westus;migrationStage=NotStarted}
{"logTime": "0721/032350", "correlationVector":"","action":"DIAGNOSTIC_REQUEST|v1/diagnosticData/Diagnostic.SendCheckResult()|SUCCESS", "result":""}
{"logTime": "0721/032352", "correlationVector":"748uhEOUl+vUf+OpqscMn5","action":"Commit Request", "result":"", "context":Item count: 3
Contributing types: Preferences, Passwords, Edge Hub App Usage}
{"logTime": "0721/032352", "correlationVector":"748uhEOUl+vUf+OpqscMn5.1","action":"SyncServerConnectionManagerRequest", "result":"SYNC_SERVER_OK", "context":{"environment":"Prod_westus_prod-s01-081-nam-westus", "migrationStage":"NotStarted", "server":"akswtt00900005c"}}
{"logTime": "0721/032352", "correlationVector":"748uhEOUl+vUf+OpqscMn5.2","action":"Commit Response", "result":"Success", "context":Result: Success. cV=748uhEOUl+vUf+OpqscMn5.0;server=akswtt00900005c;cloudType=Consumer;environment=Prod_westus_prod-s01-081-nam-westus;migrationStage=NotStarted}
{"logTime": "0721/032445", "correlationVector":"rDcICwIhmdi6mu/8pgLH+5","action":"Commit Request", "result":"", "context":Item count: 4
Contributing types: Passwords, Sessions, History}
{"logTime": "0721/032445", "correlationVector":"rDcICwIhmdi6mu/8pgLH+5.1","action":"SyncServerConnectionManagerRequest", "result":"SYNC_SERVER_OK", "context":{"environment":"Prod_westus_prod-s01-081-nam-westus", "migrationStage":"NotStarted", "server":"akswtt00900004v"}}
{"logTime": "0721/032445", "correlationVector":"rDcICwIhmdi6mu/8pgLH+5.2","action":"Commit Response", "result":"Success", "context":Result: Success. cV=rDcICwIhmdi6mu/8pgLH+5.0;server=akswtt00900004v;cloudType=Consumer;environment=Prod_westus_prod-s01-081-nam-westus;migrationStage=NotStarted}
{"logTime": "0721/034802", "correlationVector":"yuJ3pSu4FIddQzKMKKH+aL.1","action":"SyncServerConnectionManagerRequest", "result":"SYNC_SERVER_OK", "context":{"environment":"Prod_westus_prod-s01-081-nam-westus", "migrationStage":"NotStarted", "server":"akswtt00900004e"}}
{"logTime": "0721/034802", "correlationVector":"yuJ3pSu4FIddQzKMKKH+aL.2","action":"ProcessGetUpdates", "result":"Done", "context":{"dataType":"Encryption Keys", "deleted":"0", "process_failed_to_decrypt":"0", "process_pending_decryption":"0", "process_success":"1", "total":"1"}}
{"logTime": "0721/034802", "correlationVector":"/p76NStrjzUn630WrKMLAo","action":"SyncServerConnectionManagerRequest", "result":"SYNC_SERVER_OK", "context":{"environment":"", "migrationStage":"", "server":""}}
{"logTime": "0721/034802", "correlationVector":"/p76NStrjzUn630WrKMLAo.0","action":"EncryptionKeysFetcher.DownloadKeys:", "result":"Success", "context":Key count: 10, Last key timestamp: 2025-02-26T00:00:43Z}
{"logTime": "0721/034802", "correlationVector":"/p76NStrjzUn630WrKMLAo.1","action":"EncryptionKeysManager::SetEncryptionKeys:", "result":"Success", "context":Key names[10]:[YFNmVabuT7/bYTrL7cd8pZoJBf4jBP1xL7DE8hVNNqGh/qXO3vnGJtvYqKeyFiVU5h8OEwjFcseGy7iEbGdHMQ==][/8Y/85UT3y2k3V5qeKe1mFsN+TxUbLjlx8I2VX5cxnv/4fEjUCbiihOkdD/F3eEBXbwLOjp4HNJf2s6zS7+vRA==][JyFRRcV5HbZFx75AitO1lQLJZNj7bBxh6JEK4u2IwdwqoGnbv7o2e4sdTq1RsjD58xELVe2OZ9Sy9MYIJ44lCw==][JLcTUrUWotCS5ekxilv8V4axTLSQgnhSoyitgKHFOfvREBLIXECf3O2tLCWqHnBa/+SWjON6pMqOGzSqFYOPIg==][wuTVkYMc9SdTjeISzKu3Qxvw5Wqb5ZbtP4cG96UVWItDmxVdtM+4aJF3vUwv+GEhvwJ7Ud9WFjOOVr0O2oSpWQ==][uGDSY7jUx4vkPwqoR1OXDMF/kduhfH6zlhEGhx5U+523X9SyzRcGSQgKaujvQ9N92uWGjqH+0agnTZpWKNNjew==][dVh0LMPom2CdLnG6ElL5UnASgmGQ5f1107zC8QLLoH7bJR1zrSgokx87yYxx+CXe5nDI5uKHzQv75SDClZtGvA==][qCXNuLelROgXVYJEzH4JapM2aqPCCwU+B5z4wdtSzBgCoDiP97i6q0SHuSdSwIqFp+N99Uk5bsWHBlSXS9kDUg==][1g1cdjvROBQFMGb8XD65M7T0MxB5v78KIzgsM7+6cRLZmtiDC9ajb6pfKqeLs9vdXq1Vs0H4Vle8ycqbcX0iaA==][oFA2l8U0Rz2vaccDZHMCeon1mue2hj2CTZt4j/2+p8f3ufDqia53xZzvsk9IH4Sicb1QBFB+368XH6Qn7D8vAQ==]}
{"logTime": "0721/034802", "correlationVector":"/p76NStrjzUn630WrKMLAo.2","action":"EncryptionKeysManager::SetEncryptionKeysWithTimestamps:", "result":"Success", "context":Key timestamps[10]:[2020-12-08T07:57:54Z][2021-06-07T22:14:59Z][2021-07-30T01:58:32Z][2022-01-27T04:00:21Z][2022-07-26T18:51:17Z][2023-01-24T16:47:18Z][2023-08-23T04:50:14Z][2024-02-20T16:36:22Z][2024-08-21T03:10:38Z][2025-02-26T00:00:43Z]}
{"logTime": "0721/034802", "correlationVector":"yuJ3pSu4FIddQzKMKKH+aL","action":"Initial GetUpdates", "result":"", "context":Reason: NEW_CLIENT. cV=yuJ3pSu4FIddQzKMKKH+aL}
{"logTime": "0721/034802", "correlationVector":"yuJ3pSu4FIddQzKMKKH+aL.3","action":"GetUpdates Response", "result":"Success", "context":Received 1 update(s). cV=yuJ3pSu4FIddQzKMKKH+aL.0;server=akswtt00900004e;cloudType=Consumer;environment=Prod_westus_prod-s01-081-nam-westus;migrationStage=NotStarted}
{"logTime": "0721/034802", "correlationVector":"xmuepPXNgh8+U8PMIkSSK6","action":"Initial GetUpdates", "result":"", "context":Reason: NEWLY_SUPPORTED_DATATYPE. cV=xmuepPXNgh8+U8PMIkSSK6}
{"logTime": "0721/034802", "correlationVector":"xmuepPXNgh8+U8PMIkSSK6.1","action":"SyncServerConnectionManagerRequest", "result":"SYNC_SERVER_OK", "context":{"environment":"Prod_westus_prod-s01-081-nam-westus", "migrationStage":"NotStarted", "server":"akswtt00900001d"}}
{"logTime": "0721/034802", "correlationVector":"xmuepPXNgh8+U8PMIkSSK6.2","action":"ProcessGetUpdates", "result":"Done", "context":{"dataType":"Passwords", "deleted":"0", "process_failed_to_decrypt":"0", "process_pending_decryption":"0", "process_success":"4", "total":"4"}}
{"logTime": "0721/034802", "correlationVector":"xmuepPXNgh8+U8PMIkSSK6.3","action":"GetUpdates Response", "result":"Success", "context":Received 4 update(s). cV=xmuepPXNgh8+U8PMIkSSK6.0;server=akswtt00900001d;cloudType=Consumer;environment=Prod_westus_prod-s01-081-nam-westus;migrationStage=NotStarted}
{"logTime": "0721/034803", "correlationVector":"eDfnPqHtqs24SxO6aVIOAx","action":"Normal GetUpdate request", "result":"", "context":cV=eDfnPqHtqs24SxO6aVIOAx
Nudged types: Sessions, History
Refresh requested types: Bookmarks, Preferences, Passwords, Autofill Profiles, Autofill, Extensions, Sessions, Extension settings, History Delete Directives, Device Info, User Consents, Send Tab To Self, Web Apps, History, Saved Tab Group, WebAuthn Credentials, Collection, Edge E Drop, Edge Hub App Usage, Edge Wallet, Encryption Keys}
{"logTime": "0721/034803", "correlationVector":"eDfnPqHtqs24SxO6aVIOAx.1","action":"SyncServerConnectionManagerRequest", "result":"SYNC_SERVER_OK", "context":{"environment":"Prod_westus_prod-s01-081-nam-westus", "migrationStage":"NotStarted", "server":"akswtt009000001"}}
{"logTime": "0721/034803", "correlationVector":"eDfnPqHtqs24SxO6aVIOAx.2","action":"ProcessGetUpdates", "result":"Done", "context":{"dataType":"Preferences", "deleted":"0", "process_failed_to_decrypt":"0", "process_pending_decryption":"0", "process_success":"1", "total":"1"}}
{"logTime": "0721/034803", "correlationVector":"eDfnPqHtqs24SxO6aVIOAx.3","action":"ProcessGetUpdates", "result":"Done", "context":{"dataType":"Sessions", "deleted":"3", "process_failed_to_decrypt":"0", "process_pending_decryption":"0", "process_success":"6", "total":"6"}}
{"logTime": "0721/034803", "correlationVector":"eDfnPqHtqs24SxO6aVIOAx.4","action":"ProcessGetUpdates", "result":"Done", "context":{"dataType":"Device Info", "deleted":"0", "process_failed_to_decrypt":"0", "process_pending_decryption":"0", "process_success":"1", "total":"1"}}
{"logTime": "0721/034803", "correlationVector":"eDfnPqHtqs24SxO6aVIOAx.5","action":"ProcessGetUpdates", "result":"Done", "context":{"dataType":"History", "deleted":"0", "process_failed_to_decrypt":"0", "process_pending_decryption":"0", "process_success":"5", "total":"5"}}
{"logTime": "0721/034803", "correlationVector":"eDfnPqHtqs24SxO6aVIOAx.6","action":"ProcessGetUpdates", "result":"Done", "context":{"dataType":"Edge Hub App Usage", "deleted":"0", "process_failed_to_decrypt":"0", "process_pending_decryption":"0", "process_success":"1", "total":"1"}}
{"logTime": "0721/034803", "correlationVector":"eDfnPqHtqs24SxO6aVIOAx.7","action":"GetUpdates Response", "result":"Success", "context":Received 14 update(s). cV=eDfnPqHtqs24SxO6aVIOAx.0;server=akswtt009000001;cloudType=Consumer;environment=Prod_westus_prod-s01-081-nam-westus;migrationStage=NotStarted}
{"logTime": "0721/034803", "correlationVector":"ALsKhuJx1+IiDbCEEUWeEd","action":"Commit Request", "result":"", "context":Item count: 2
Contributing types: History}
{"logTime": "0721/034803", "correlationVector":"ALsKhuJx1+IiDbCEEUWeEd.1","action":"SyncServerConnectionManagerRequest", "result":"SYNC_SERVER_OK", "context":{"environment":"Prod_westus_prod-s01-081-nam-westus", "migrationStage":"NotStarted", "server":"akswtt00900002w"}}
{"logTime": "0721/034803", "correlationVector":"ALsKhuJx1+IiDbCEEUWeEd.2","action":"Commit Response", "result":"Success", "context":Result: Success. cV=ALsKhuJx1+IiDbCEEUWeEd.0;server=akswtt00900002w;cloudType=Consumer;environment=Prod_westus_prod-s01-081-nam-westus;migrationStage=NotStarted}
{"logTime": "0721/034803", "correlationVector":"/iCUJuwPk+7FAG9EoIRgPJ","action":"Commit Request", "result":"", "context":Item count: 2
Contributing types: Preferences, Passwords}
{"logTime": "0721/034804", "correlationVector":"/iCUJuwPk+7FAG9EoIRgPJ.1","action":"SyncServerConnectionManagerRequest", "result":"SYNC_SERVER_OK", "context":{"environment":"Prod_westus_prod-s01-081-nam-westus", "migrationStage":"NotStarted", "server":"akswtt00900003u"}}
{"logTime": "0721/034804", "correlationVector":"/iCUJuwPk+7FAG9EoIRgPJ.2","action":"Commit Response", "result":"Success", "context":Result: Success. cV=/iCUJuwPk+7FAG9EoIRgPJ.0;server=akswtt00900003u;cloudType=Consumer;environment=Prod_westus_prod-s01-081-nam-westus;migrationStage=NotStarted}
{"logTime": "0721/034905", "correlationVector":"l9Cos/SDafnPPW8AotXyNT","action":"Commit Request", "result":"", "context":Item count: 4
Contributing types: Sessions, History}
{"logTime": "0721/034905", "correlationVector":"l9Cos/SDafnPPW8AotXyNT.1","action":"SyncServerConnectionManagerRequest", "result":"SYNC_SERVER_OK", "context":{"environment":"Prod_westus_prod-s01-081-nam-westus", "migrationStage":"NotStarted", "server":"akswtt00900001s"}}
{"logTime": "0721/034905", "correlationVector":"l9Cos/SDafnPPW8AotXyNT.3","action":"Commit.Sessions", "result":"Success", "context":{"id":"e8bbcea3-ee36-4d9e-a8a7-f52e342de057", "isDeleted":"true", "size":"0", "version":"1753068692934"}}
{"logTime": "0721/034905", "correlationVector":"l9Cos/SDafnPPW8AotXyNT.2","action":"Commit Response", "result":"Success", "context":Result: Success. cV=l9Cos/SDafnPPW8AotXyNT.0;server=akswtt00900001s;cloudType=Consumer;environment=Prod_westus_prod-s01-081-nam-westus;migrationStage=NotStarted}
