2025-07-21 03:23:45.002: [INFO][Sync] Reset engine, reason: 8
2025-07-21 03:23:45.002: [INFO][Sync] Stopped: Bookmarks
2025-07-21 03:23:45.002: [INFO][Sync] Stopped: Preferences
2025-07-21 03:23:45.002: [INFO][Sync] Stopped: Passwords
2025-07-21 03:23:45.002: [INFO][Sync] Stopped: Autofill Profiles
2025-07-21 03:23:45.002: [INFO][Sync] Stopped: Autofill
2025-07-21 03:23:45.002: [INFO][Sync] Stopped: Extensions
2025-07-21 03:23:45.002: [INFO][Sync] Stopped: Sessions
2025-07-21 03:23:45.002: [INFO][Sync] Stopped: Extension settings
2025-07-21 03:23:45.002: [INFO][Sync] Stopped: History Delete Directives
2025-07-21 03:23:45.002: [INFO][Sync] Stopped: Device Info
2025-07-21 03:23:45.002: [INFO][Sync] Stopped: User Consents
2025-07-21 03:23:45.002: [INFO][Sync] Stopped: Send Tab To Self
2025-07-21 03:23:45.002: [INFO][Sync] Stopped: Web Apps
2025-07-21 03:23:45.002: [INFO][Sync] Stopped: History
2025-07-21 03:23:45.002: [INFO][Sync] Stopped: Saved Tab Group
2025-07-21 03:23:45.002: [INFO][Sync] Stopped: WebAuthn Credentials
2025-07-21 03:23:45.002: [INFO][Sync] Stopped: Collection
2025-07-21 03:23:45.003: [INFO][Sync] Stopped: Edge E Drop
2025-07-21 03:23:45.003: [INFO][Sync] Stopped: Edge Hub App Usage
2025-07-21 03:23:45.003: [INFO][Sync] Stopped: Edge Wallet
2025-07-21 03:23:45.003: [INFO][Sync] SyncState after authenticated was: NotSignedIn
2025-07-21 03:23:45.310: [INFO][Sync] Reset engine, reason: 8
2025-07-21 03:23:45.310: [INFO][Sync] Stopped: Bookmarks
2025-07-21 03:23:45.310: [INFO][Sync] Stopped: Preferences
2025-07-21 03:23:45.310: [INFO][Sync] Stopped: Passwords
2025-07-21 03:23:45.310: [INFO][Sync] Stopped: Autofill Profiles
2025-07-21 03:23:45.310: [INFO][Sync] Stopped: Autofill
2025-07-21 03:23:45.310: [INFO][Sync] Stopped: Extensions
2025-07-21 03:23:45.310: [INFO][Sync] Stopped: Sessions
2025-07-21 03:23:45.310: [INFO][Sync] Stopped: Extension settings
2025-07-21 03:23:45.310: [INFO][Sync] Stopped: History Delete Directives
2025-07-21 03:23:45.310: [INFO][Sync] Stopped: Device Info
2025-07-21 03:23:45.310: [INFO][Sync] Stopped: User Consents
2025-07-21 03:23:45.310: [INFO][Sync] Stopped: Send Tab To Self
2025-07-21 03:23:45.310: [INFO][Sync] Stopped: Web Apps
2025-07-21 03:23:45.310: [INFO][Sync] Stopped: History
2025-07-21 03:23:45.310: [INFO][Sync] Stopped: Saved Tab Group
2025-07-21 03:23:45.310: [INFO][Sync] Stopped: WebAuthn Credentials
2025-07-21 03:23:45.310: [INFO][Sync] Stopped: Collection
2025-07-21 03:23:45.310: [INFO][Sync] Stopped: Edge E Drop
2025-07-21 03:23:45.310: [INFO][Sync] Stopped: Edge Hub App Usage
2025-07-21 03:23:45.310: [INFO][Sync] Stopped: Edge Wallet
2025-07-21 03:23:45.669: [INFO][Sync] Try to start sync engine
2025-07-21 03:23:45.670: [INFO][SyncManagerImpl::NudgeForInitialDownload] Initial download nudge for Encryption Keys
2025-07-21 03:23:45.670: [INFO][SyncEngineBackend::LoadAndConnectNigoriController] Load and connect Nigori controller
2025-07-21 03:23:45.670: [INFO][SyncEngineBackend::DoInitialize] Control Types added: Encryption Keys
2025-07-21 03:23:45.670: [INFO][SyncManagerImpl::ConfigureSyncer] Types to download: Encryption Keys with reason: 3
2025-07-21 03:23:45.671: [INFO][SyncSchedulerImpl::DoConfigurationSyncCycleJob] Configure job was blocked
2025-07-21 03:23:46.323: [INFO][SyncAuthManager::SetLastAuthError] Current auth error: None
2025-07-21 03:23:46.323: [INFO][SyncAuthManager::EdgeLogTokenErrorState] Token error with: None for account type: MSA
2025-07-21 03:23:46.323: [INFO][Sync] Credentials changed for: EdgeSyncScopeNew
2025-07-21 03:23:48.142: [INFO][SyncAuthManager::SetLastAuthError] Current auth error: None
2025-07-21 03:23:48.142: [INFO][SyncAuthManager::EdgeLogTokenErrorState] Token error with: None for account type: MSA
2025-07-21 03:23:48.142: [INFO][Sync] Credentials changed for: EdgeSyncKeyDataScope
2025-07-21 03:23:48.142: [INFO][SyncEngineBackend::DoUpdateKeyDataCredentials] Update key data credentials
2025-07-21 03:23:48.142: [INFO][SyncEngineBackend::DoUpdateCredentials] Update credentials
2025-07-21 03:23:48.142: [INFO][SyncSchedulerImpl::DoConfigurationSyncCycleJob] Blocked types:  and types to download: Encryption Keys
2025-07-21 03:23:48.479: [INFO][Sync] Started DataTypeManager configuration, reason: 4
2025-07-21 03:23:48.479: [INFO][Sync] Configuring for: Bookmarks, Preferences, Passwords, Autofill Profiles, Autofill, Extensions, Sessions, Extension settings, History Delete Directives, Device Info, User Consents, Send Tab To Self, Web Apps, History, Saved Tab Group, WebAuthn Credentials, Collection, Edge E Drop, Edge Hub App Usage, Edge Wallet, Encryption Keys, reason: 3, current state: 0
2025-07-21 03:23:48.479: [WARN][Sync] Crypto error data types: Passwords, Autofill Profiles, Autofill
2025-07-21 03:23:48.482: [INFO][Sync] Configure, desired: Bookmarks, Preferences, Extensions, Sessions, Extension settings, History Delete Directives, Device Info, User Consents, Send Tab To Self, Web Apps, History, Saved Tab Group, WebAuthn Credentials, Collection, Edge E Drop, Edge Hub App Usage, Edge Wallet, Encryption Keys; Allow fail: Passwords, Autofill Profiles, Autofill
2025-07-21 03:23:48.482: [INFO][Sync] Loading: Bookmarks
2025-07-21 03:23:48.482: [INFO][Sync] Loading: Preferences
2025-07-21 03:23:48.482: [INFO][Sync] Loading: Extensions
2025-07-21 03:23:48.482: [INFO][Sync] Loading: Sessions
2025-07-21 03:23:48.482: [INFO][Sync] Loading: Extension settings
2025-07-21 03:23:48.482: [INFO][Sync] Loading: History Delete Directives
2025-07-21 03:23:48.482: [INFO][Sync] Loading: Device Info
2025-07-21 03:23:48.482: [INFO][Sync] Loading: User Consents
2025-07-21 03:23:48.482: [INFO][Sync] Loading: Send Tab To Self
2025-07-21 03:23:48.482: [INFO][Sync] Loading: Web Apps
2025-07-21 03:23:48.482: [INFO][Sync] Loading: History
2025-07-21 03:23:48.482: [INFO][Sync] Loading: Saved Tab Group
2025-07-21 03:23:48.482: [INFO][Sync] Loading: WebAuthn Credentials
2025-07-21 03:23:48.482: [INFO][Sync] Loading: Collection
2025-07-21 03:23:48.482: [INFO][Sync] Loading: Edge E Drop
2025-07-21 03:23:48.482: [INFO][Sync] Loading: Edge Hub App Usage
2025-07-21 03:23:48.482: [INFO][Sync] Loading: Edge Wallet
2025-07-21 03:23:48.494: [INFO][Sync] All data types are ready for configure.
2025-07-21 03:23:48.994: [INFO][Sync] Started DataTypeManager configuration, reason: 5
2025-07-21 03:23:48.994: [INFO][Sync] Configuring for: Bookmarks, Preferences, Passwords, Autofill Profiles, Autofill, Extensions, Sessions, Extension settings, History Delete Directives, Device Info, User Consents, Send Tab To Self, Web Apps, History, Saved Tab Group, WebAuthn Credentials, Collection, Edge E Drop, Edge Hub App Usage, Edge Wallet, Encryption Keys, reason: 5, current state: 1
2025-07-21 03:23:49.008: [INFO][SyncEngineBackend::DoStartConfiguration] Start configuration
2025-07-21 03:23:49.008: [INFO][SyncManagerImpl::NudgeForInitialDownload] Initial download nudge for Bookmarks
2025-07-21 03:23:49.008: [INFO][SyncManagerImpl::NudgeForInitialDownload] Initial download nudge for Preferences
2025-07-21 03:23:49.008: [INFO][SyncManagerImpl::NudgeForInitialDownload] Initial download nudge for Extensions
2025-07-21 03:23:49.008: [INFO][SyncManagerImpl::NudgeForInitialDownload] Initial download nudge for Sessions
2025-07-21 03:23:49.008: [INFO][SyncManagerImpl::NudgeForInitialDownload] Initial download nudge for Extension settings
2025-07-21 03:23:49.008: [INFO][SyncManagerImpl::NudgeForInitialDownload] Initial download nudge for History Delete Directives
2025-07-21 03:23:49.008: [INFO][SyncManagerImpl::NudgeForInitialDownload] Initial download nudge for Device Info
2025-07-21 03:23:49.008: [INFO][SyncManagerImpl::NudgeForInitialDownload] Initial download nudge for Send Tab To Self
2025-07-21 03:23:49.008: [INFO][SyncManagerImpl::NudgeForInitialDownload] Initial download nudge for Web Apps
2025-07-21 03:23:49.008: [INFO][SyncManagerImpl::NudgeForInitialDownload] Initial download nudge for History
2025-07-21 03:23:49.008: [INFO][SyncManagerImpl::NudgeForInitialDownload] Initial download nudge for Saved Tab Group
2025-07-21 03:23:49.008: [INFO][SyncManagerImpl::NudgeForInitialDownload] Initial download nudge for WebAuthn Credentials
2025-07-21 03:23:49.008: [INFO][SyncManagerImpl::NudgeForInitialDownload] Initial download nudge for Collection
2025-07-21 03:23:49.008: [INFO][SyncManagerImpl::NudgeForInitialDownload] Initial download nudge for Edge E Drop
2025-07-21 03:23:49.008: [INFO][SyncManagerImpl::NudgeForInitialDownload] Initial download nudge for Edge Hub App Usage
2025-07-21 03:23:49.008: [INFO][SyncManagerImpl::NudgeForInitialDownload] Initial download nudge for Edge Wallet
2025-07-21 03:23:49.008: [INFO][SyncManagerImpl::ConfigureSyncer] Types to download:  with reason: 3
2025-07-21 03:23:49.008: [INFO][SyncEngineBackend::DoFinishConfigureDataTypes] Failed to download types:  and succeeded types: 
2025-07-21 03:23:49.008: [INFO][Sync] ConfigurationDone, failed: , succeeded: , remaining count: 4
2025-07-21 03:23:49.008: [WARN][Sync]     Reconfigure requested while configuration ongoing.
2025-07-21 03:23:49.008: [INFO][Sync] Configuring for: Bookmarks, Preferences, Passwords, Autofill Profiles, Autofill, Extensions, Sessions, Extension settings, History Delete Directives, Device Info, User Consents, Send Tab To Self, Web Apps, History, Saved Tab Group, WebAuthn Credentials, Collection, Edge E Drop, Edge Hub App Usage, Edge Wallet, Encryption Keys, reason: 5, current state: 2
2025-07-21 03:23:49.008: [INFO][Sync] Configure, desired: Bookmarks, Preferences, Passwords, Autofill Profiles, Autofill, Extensions, Sessions, Extension settings, History Delete Directives, Device Info, User Consents, Send Tab To Self, Web Apps, History, Saved Tab Group, WebAuthn Credentials, Collection, Edge E Drop, Edge Hub App Usage, Edge Wallet, Encryption Keys; Allow fail: 
2025-07-21 03:23:49.008: [INFO][Sync] Loading: Passwords
2025-07-21 03:23:49.008: [INFO][Sync] Loading: Autofill Profiles
2025-07-21 03:23:49.008: [INFO][Sync] Loading: Autofill
2025-07-21 03:23:49.008: [INFO][Sync] All data types are ready for configure.
2025-07-21 03:23:49.009: [INFO][SyncManagerImpl::NudgeForInitialDownload] Initial download nudge for Passwords
2025-07-21 03:23:49.009: [INFO][SyncManagerImpl::NudgeForInitialDownload] Initial download nudge for Autofill Profiles
2025-07-21 03:23:49.009: [INFO][SyncManagerImpl::NudgeForInitialDownload] Initial download nudge for Autofill
2025-07-21 03:23:49.009: [INFO][SyncManagerImpl::ConfigureSyncer] Types to download:  with reason: 5
2025-07-21 03:23:49.009: [INFO][SyncEngineBackend::DoFinishConfigureDataTypes] Failed to download types:  and succeeded types: 
2025-07-21 03:23:49.009: [INFO][Sync] ConfigurationDone, failed: , succeeded: , remaining count: 4
2025-07-21 03:23:49.009: [INFO][Sync] Prepare to configure types: Preferences, Passwords, Device Info, Send Tab To Self, Edge E Drop, Encryption Keys
2025-07-21 03:23:49.009: [INFO][SyncManagerImpl::ConfigureSyncer] Types to download: Preferences, Passwords, Device Info, Send Tab To Self, Edge E Drop, Encryption Keys with reason: 5
2025-07-21 03:23:49.009: [INFO][SyncSchedulerImpl::DoConfigurationSyncCycleJob] Blocked types:  and types to download: Preferences, Passwords, Device Info, Send Tab To Self, Edge E Drop, Encryption Keys
2025-07-21 03:23:49.259: [INFO][SyncEngineBackend::DoFinishConfigureDataTypes] Failed to download types:  and succeeded types: Preferences, Passwords, Device Info, Send Tab To Self, Edge E Drop, Encryption Keys
2025-07-21 03:23:49.263: [INFO][Sync] ConfigurationDone, failed: , succeeded: Preferences, Passwords, Device Info, Send Tab To Self, Edge E Drop, Encryption Keys, remaining count: 3
2025-07-21 03:23:49.263: [INFO][Sync] Prepare to configure types: Bookmarks, Encryption Keys
2025-07-21 03:23:49.263: [INFO][SyncManagerImpl::ConfigureSyncer] Types to download: Bookmarks, Encryption Keys with reason: 5
2025-07-21 03:23:49.263: [INFO][SyncSchedulerImpl::DoConfigurationSyncCycleJob] Blocked types:  and types to download: Bookmarks, Encryption Keys
2025-07-21 03:23:49.383: [INFO][SyncEngineBackend::DoFinishConfigureDataTypes] Failed to download types:  and succeeded types: Bookmarks, Encryption Keys
2025-07-21 03:23:49.400: [INFO][Sync] ConfigurationDone, failed: , succeeded: Bookmarks, Encryption Keys, remaining count: 2
2025-07-21 03:23:49.400: [INFO][Sync] Prepare to configure types: Autofill Profiles, Autofill, Extensions, Sessions, Extension settings, History Delete Directives, Web Apps, Saved Tab Group, WebAuthn Credentials, Collection, Edge Hub App Usage, Edge Wallet, Encryption Keys
2025-07-21 03:23:49.400: [INFO][SyncManagerImpl::ConfigureSyncer] Types to download: Autofill Profiles, Autofill, Extensions, Sessions, Extension settings, History Delete Directives, Web Apps, Saved Tab Group, WebAuthn Credentials, Collection, Edge Hub App Usage, Edge Wallet, Encryption Keys with reason: 5
2025-07-21 03:23:49.400: [INFO][SyncSchedulerImpl::DoConfigurationSyncCycleJob] Blocked types:  and types to download: Autofill Profiles, Autofill, Extensions, Sessions, Extension settings, History Delete Directives, Web Apps, Saved Tab Group, WebAuthn Credentials, Collection, Edge Hub App Usage, Edge Wallet, Encryption Keys
2025-07-21 03:23:49.563: [INFO][SyncEngineBackend::DoFinishConfigureDataTypes] Failed to download types:  and succeeded types: Autofill Profiles, Autofill, Extensions, Sessions, Extension settings, History Delete Directives, Web Apps, Saved Tab Group, WebAuthn Credentials, Collection, Edge Hub App Usage, Edge Wallet, Encryption Keys
2025-07-21 03:23:49.565: [INFO][Sync] ConfigurationDone, failed: , succeeded: Autofill Profiles, Autofill, Extensions, Sessions, Extension settings, History Delete Directives, Web Apps, Saved Tab Group, WebAuthn Credentials, Collection, Edge Hub App Usage, Edge Wallet, Encryption Keys, remaining count: 1
2025-07-21 03:23:49.567: [INFO][Sync] Prepare to configure types: History, Encryption Keys
2025-07-21 03:23:49.568: [INFO][SyncManagerImpl::ConfigureSyncer] Types to download: History, Encryption Keys with reason: 5
2025-07-21 03:23:49.568: [INFO][SyncSchedulerImpl::DoConfigurationSyncCycleJob] Blocked types:  and types to download: History, Encryption Keys
2025-07-21 03:23:49.712: [INFO][SyncEngineBackend::DoFinishConfigureDataTypes] Failed to download types:  and succeeded types: History, Encryption Keys
2025-07-21 03:23:49.715: [INFO][Sync] ConfigurationDone, failed: , succeeded: History, Encryption Keys, remaining count: 0
2025-07-21 03:23:49.718: [INFO][Sync]     Configuration completed, state: 7
2025-07-21 03:23:49.719: [INFO][Sync] Configured DataTypeManager: Ok
2025-07-21 03:23:49.723: [INFO][SyncEngineBackend::DoStartSyncing] Start syncing
2025-07-21 03:26:24.131: [INFO][Sync] Reset engine, reason: 0
2025-07-21 03:26:24.131: [INFO][Sync] Reset engine with reason: 0
2025-07-21 03:48:00.379: [INFO][Sync] SyncState after authenticated was: FeatureCanStart
2025-07-21 03:48:01.222: [INFO][Sync] Try to start sync engine
2025-07-21 03:48:01.223: [INFO][SyncManagerImpl::NudgeForInitialDownload] Initial download nudge for Encryption Keys
2025-07-21 03:48:01.223: [INFO][SyncEngineBackend::LoadAndConnectNigoriController] Load and connect Nigori controller
2025-07-21 03:48:01.223: [INFO][SyncEngineBackend::DoInitialize] Control Types added: Encryption Keys
2025-07-21 03:48:01.223: [INFO][SyncManagerImpl::ConfigureSyncer] Types to download: Encryption Keys with reason: 3
2025-07-21 03:48:01.223: [INFO][SyncSchedulerImpl::DoConfigurationSyncCycleJob] Configure job was blocked
2025-07-21 03:48:01.253: [INFO][SyncAuthManager::SetLastAuthError] Current auth error: None
2025-07-21 03:48:01.253: [INFO][SyncAuthManager::EdgeLogTokenErrorState] Token error with: None for account type: MSA
2025-07-21 03:48:01.253: [INFO][Sync] Credentials changed for: EdgeSyncScopeNew
2025-07-21 03:48:01.868: [INFO][SyncAuthManager::SetLastAuthError] Current auth error: None
2025-07-21 03:48:01.868: [INFO][SyncAuthManager::EdgeLogTokenErrorState] Token error with: None for account type: MSA
2025-07-21 03:48:01.868: [INFO][Sync] Credentials changed for: EdgeSyncKeyDataScope
2025-07-21 03:48:01.868: [INFO][SyncEngineBackend::DoUpdateKeyDataCredentials] Update key data credentials
2025-07-21 03:48:01.868: [INFO][SyncEngineBackend::DoUpdateCredentials] Update credentials
2025-07-21 03:48:01.868: [INFO][SyncSchedulerImpl::DoConfigurationSyncCycleJob] Blocked types:  and types to download: Encryption Keys
2025-07-21 03:48:02.261: [INFO][Sync] Started DataTypeManager configuration, reason: 4
2025-07-21 03:48:02.261: [INFO][Sync] Configuring for: Bookmarks, Preferences, Passwords, Autofill Profiles, Autofill, Extensions, Sessions, Extension settings, History Delete Directives, Device Info, User Consents, Send Tab To Self, Web Apps, History, Saved Tab Group, WebAuthn Credentials, Collection, Edge E Drop, Edge Hub App Usage, Edge Wallet, Encryption Keys, reason: 4, current state: 0
2025-07-21 03:48:02.261: [WARN][Sync] Crypto error data types: Passwords, Autofill Profiles, Autofill
2025-07-21 03:48:02.263: [INFO][Sync] Configure, desired: Bookmarks, Preferences, Extensions, Sessions, Extension settings, History Delete Directives, Device Info, User Consents, Send Tab To Self, Web Apps, History, Saved Tab Group, WebAuthn Credentials, Collection, Edge E Drop, Edge Hub App Usage, Edge Wallet, Encryption Keys; Allow fail: Passwords, Autofill Profiles, Autofill
2025-07-21 03:48:02.263: [INFO][Sync] Loading: Bookmarks
2025-07-21 03:48:02.263: [INFO][Sync] Loading: Preferences
2025-07-21 03:48:02.263: [INFO][Sync] Loading: Extensions
2025-07-21 03:48:02.263: [INFO][Sync] Loading: Sessions
2025-07-21 03:48:02.263: [INFO][Sync] Loading: Extension settings
2025-07-21 03:48:02.263: [INFO][Sync] Loading: History Delete Directives
2025-07-21 03:48:02.263: [INFO][Sync] Loading: Device Info
2025-07-21 03:48:02.263: [INFO][Sync] Loading: User Consents
2025-07-21 03:48:02.263: [INFO][Sync] Loading: Send Tab To Self
2025-07-21 03:48:02.263: [INFO][Sync] Loading: Web Apps
2025-07-21 03:48:02.263: [INFO][Sync] Loading: History
2025-07-21 03:48:02.263: [INFO][Sync] Loading: Saved Tab Group
2025-07-21 03:48:02.263: [INFO][Sync] Loading: WebAuthn Credentials
2025-07-21 03:48:02.263: [INFO][Sync] Loading: Collection
2025-07-21 03:48:02.263: [INFO][Sync] Loading: Edge E Drop
2025-07-21 03:48:02.263: [INFO][Sync] Loading: Edge Hub App Usage
2025-07-21 03:48:02.263: [INFO][Sync] Loading: Edge Wallet
2025-07-21 03:48:02.277: [INFO][Sync] All data types are ready for configure.
2025-07-21 03:48:02.769: [INFO][Sync] Started DataTypeManager configuration, reason: 5
2025-07-21 03:48:02.769: [INFO][Sync] Configuring for: Bookmarks, Preferences, Passwords, Autofill Profiles, Autofill, Extensions, Sessions, Extension settings, History Delete Directives, Device Info, User Consents, Send Tab To Self, Web Apps, History, Saved Tab Group, WebAuthn Credentials, Collection, Edge E Drop, Edge Hub App Usage, Edge Wallet, Encryption Keys, reason: 5, current state: 1
2025-07-21 03:48:02.780: [INFO][SyncEngineBackend::DoStartConfiguration] Start configuration
2025-07-21 03:48:02.780: [INFO][SyncManagerImpl::ConfigureSyncer] Types to download:  with reason: 4
2025-07-21 03:48:02.780: [INFO][SyncEngineBackend::DoFinishConfigureDataTypes] Failed to download types:  and succeeded types: 
2025-07-21 03:48:02.786: [INFO][Sync] ConfigurationDone, failed: , succeeded: , remaining count: 4
2025-07-21 03:48:02.786: [WARN][Sync]     Reconfigure requested while configuration ongoing.
2025-07-21 03:48:02.786: [INFO][Sync] Configuring for: Bookmarks, Preferences, Passwords, Autofill Profiles, Autofill, Extensions, Sessions, Extension settings, History Delete Directives, Device Info, User Consents, Send Tab To Self, Web Apps, History, Saved Tab Group, WebAuthn Credentials, Collection, Edge E Drop, Edge Hub App Usage, Edge Wallet, Encryption Keys, reason: 5, current state: 2
2025-07-21 03:48:02.786: [INFO][Sync] Configure, desired: Bookmarks, Preferences, Passwords, Autofill Profiles, Autofill, Extensions, Sessions, Extension settings, History Delete Directives, Device Info, User Consents, Send Tab To Self, Web Apps, History, Saved Tab Group, WebAuthn Credentials, Collection, Edge E Drop, Edge Hub App Usage, Edge Wallet, Encryption Keys; Allow fail: 
2025-07-21 03:48:02.786: [INFO][Sync] Loading: Passwords
2025-07-21 03:48:02.786: [INFO][Sync] Loading: Autofill Profiles
2025-07-21 03:48:02.786: [INFO][Sync] Loading: Autofill
2025-07-21 03:48:02.786: [INFO][Sync] All data types are ready for configure.
2025-07-21 03:48:02.786: [INFO][SyncManagerImpl::NudgeForInitialDownload] Initial download nudge for Passwords
2025-07-21 03:48:02.787: [INFO][SyncManagerImpl::ConfigureSyncer] Types to download:  with reason: 5
2025-07-21 03:48:02.787: [INFO][SyncEngineBackend::DoFinishConfigureDataTypes] Failed to download types:  and succeeded types: 
2025-07-21 03:48:02.787: [INFO][Sync] ConfigurationDone, failed: , succeeded: , remaining count: 4
2025-07-21 03:48:02.787: [INFO][Sync] Prepare to configure types: Passwords, Encryption Keys
2025-07-21 03:48:02.787: [INFO][SyncManagerImpl::ConfigureSyncer] Types to download: Passwords, Encryption Keys with reason: 5
2025-07-21 03:48:02.787: [INFO][SyncSchedulerImpl::DoConfigurationSyncCycleJob] Blocked types:  and types to download: Passwords, Encryption Keys
2025-07-21 03:48:02.992: [INFO][SyncEngineBackend::DoFinishConfigureDataTypes] Failed to download types:  and succeeded types: Passwords, Encryption Keys
2025-07-21 03:48:02.994: [INFO][Sync] ConfigurationDone, failed: , succeeded: Passwords, Encryption Keys, remaining count: 3
2025-07-21 03:48:02.994: [INFO][SyncManagerImpl::ConfigureSyncer] Types to download:  with reason: 5
2025-07-21 03:48:02.994: [INFO][SyncEngineBackend::DoFinishConfigureDataTypes] Failed to download types:  and succeeded types: 
2025-07-21 03:48:02.994: [INFO][Sync] ConfigurationDone, failed: , succeeded: , remaining count: 2
2025-07-21 03:48:02.994: [INFO][SyncManagerImpl::ConfigureSyncer] Types to download:  with reason: 5
2025-07-21 03:48:02.994: [INFO][SyncEngineBackend::DoFinishConfigureDataTypes] Failed to download types:  and succeeded types: 
2025-07-21 03:48:02.994: [INFO][Sync] ConfigurationDone, failed: , succeeded: , remaining count: 1
2025-07-21 03:48:02.996: [INFO][SyncManagerImpl::ConfigureSyncer] Types to download:  with reason: 5
2025-07-21 03:48:02.996: [INFO][SyncEngineBackend::DoFinishConfigureDataTypes] Failed to download types:  and succeeded types: 
2025-07-21 03:48:02.996: [INFO][Sync] ConfigurationDone, failed: , succeeded: , remaining count: 0
2025-07-21 03:48:02.998: [INFO][Sync]     Configuration completed, state: 7
2025-07-21 03:48:02.998: [INFO][Sync] Configured DataTypeManager: Ok
2025-07-21 03:48:03.001: [INFO][SyncEngineBackend::DoStartSyncing] Start syncing
2025-07-21 03:51:12.263: [INFO][Sync] Reset engine, reason: 0
2025-07-21 03:51:12.263: [INFO][Sync] Reset engine with reason: 0
